2025-09-08T14:14:55.436329930Z [inf]  
2025-09-08T14:14:56.602117830Z [inf]  [35m[Region: us-east4][0m
2025-09-08T14:14:56.612085548Z [inf]  [35m=========================
2025-09-08T14:14:56.612121165Z [inf]  Using Detected Dockerfile
2025-09-08T14:14:56.612125322Z [inf]  =========================
2025-09-08T14:14:56.612129212Z [inf]  [0m
2025-09-08T14:14:56.612142986Z [inf]  context: vc1n-YZ4I
2025-09-08T14:14:56.789527915Z [inf]  [internal] load build definition from Dockerfile
2025-09-08T14:14:56.789588209Z [inf]  [internal] load build definition from Dockerfile
2025-09-08T14:14:56.789606342Z [inf]  [internal] load build definition from Dockerfile
2025-09-08T14:14:56.801641271Z [inf]  [internal] load build definition from Dockerfile
2025-09-08T14:14:56.804913444Z [inf]  [internal] load metadata for docker.io/library/node:18-alpine
2025-09-08T14:14:56.808064682Z [inf]  [auth] library/node:pull token for registry-1.docker.io
2025-09-08T14:14:56.808104134Z [inf]  [auth] library/node:pull token for registry-1.docker.io
2025-09-08T14:14:56.920296997Z [inf]  [internal] load metadata for docker.io/library/node:18-alpine
2025-09-08T14:14:56.920544958Z [inf]  [internal] load .dockerignore
2025-09-08T14:14:56.920577264Z [inf]  [internal] load .dockerignore
2025-09-08T14:14:56.920596668Z [inf]  [internal] load .dockerignore
2025-09-08T14:14:56.932901531Z [inf]  [internal] load .dockerignore
2025-09-08T14:14:56.938619035Z [inf]  [ 9/14] RUN npm run build
2025-09-08T14:14:56.938666452Z [inf]  [14/14] RUN chown -R nodejs:nodejs /app
2025-09-08T14:14:56.938673736Z [inf]  [13/14] RUN adduser -S nodejs -u 1001
2025-09-08T14:14:56.938686989Z [inf]  [12/14] RUN addgroup -g 1001 -S nodejs
2025-09-08T14:14:56.938699335Z [inf]  [11/14] RUN cd frontend && rm -rf node_modules
2025-09-08T14:14:56.938705319Z [inf]  [10/14] RUN npm uninstall ts-node-dev
2025-09-08T14:14:56.938848709Z [inf]  [internal] load build context
2025-09-08T14:14:56.939028214Z [inf]  [internal] load build context
2025-09-08T14:14:56.961162286Z [inf]  [internal] load build context
2025-09-08T14:14:56.962773044Z [inf]  [ 3/14] COPY package*.json ./
2025-09-08T14:14:56.986758056Z [inf]  [ 3/14] COPY package*.json ./
2025-09-08T14:14:56.988391469Z [inf]  [ 4/14] COPY frontend/package*.json ./frontend/
2025-09-08T14:14:57.006697189Z [inf]  [ 4/14] COPY frontend/package*.json ./frontend/
2025-09-08T14:14:57.007827013Z [inf]  [ 5/14] RUN npm install
2025-09-08T14:14:58.435980913Z [inf]  npm warn deprecated rimraf@2.7.1: Rimraf versions prior to v4 are no longer supported

2025-09-08T14:14:58.564327404Z [inf]  npm warn deprecated inflight@1.0.6: This module is not supported, and leaks memory. Do not use it. Check out lru-cache if you want a good and tested way to coalesce async requests by a key value, which is much more comprehensive and powerful.

2025-09-08T14:14:58.723851717Z [inf]  npm warn deprecated multer@1.4.5-lts.2: Multer 1.x is impacted by a number of vulnerabilities, which have been patched in 2.x. You should upgrade to the latest 2.x version.

2025-09-08T14:14:58.749354771Z [inf]  npm warn deprecated glob@7.2.3: Glob versions prior to v9 are no longer supported

2025-09-08T14:14:59.150358711Z [inf]  
> whatsapp-bot-config@1.0.0 postinstall
> npm run build:frontend


2025-09-08T14:14:59.298188605Z [inf]  
> whatsapp-bot-config@1.0.0 build:frontend
> cd frontend && npm install && npm run build


2025-09-08T14:15:00.495381613Z [inf]  npm warn deprecated inflight@1.0.6: This module is not supported, and leaks memory. Do not use it. Check out lru-cache if you want a good and tested way to coalesce async requests by a key value, which is much more comprehensive and powerful.

2025-09-08T14:15:00.582972582Z [inf]  npm warn deprecated glob@7.2.3: Glob versions prior to v9 are no longer supported

2025-09-08T14:15:00.892204724Z [inf]  npm warn deprecated rimraf@3.0.2: Rimraf versions prior to v4 are no longer supported

2025-09-08T14:15:01.53815849Z [inf]  npm warn deprecated @humanwhocodes/object-schema@2.0.3: Use @eslint/object-schema instead

2025-09-08T14:15:01.581639718Z [inf]  npm warn deprecated @humanwhocodes/config-array@0.13.0: Use @eslint/config-array instead

2025-09-08T14:15:02.770928278Z [inf]  npm warn deprecated eslint@8.57.1: This version is no longer supported. Please see https://eslint.org/version-support for other options.

2025-09-08T14:15:03.40290512Z [inf]  
added 305 packages, and audited 306 packages in 4s

2025-09-08T14:15:03.402947027Z [inf]  

2025-09-08T14:15:03.402993849Z [inf]  73 packages are looking for funding
  run `npm fund` for details

2025-09-08T14:15:03.419609418Z [inf]  
2 moderate severity vulnerabilities

To address all issues (including breaking changes), run:
  npm audit fix --force

Run `npm audit` for details.

2025-09-08T14:15:03.615750845Z [inf]  
> whatsapp-bot-frontend@1.0.0 build
> tsc && vite build


2025-09-08T14:15:03.773432952Z [inf]  Version 5.9.2

2025-09-08T14:15:03.776258366Z [inf]  tsc: The TypeScript Compiler - Version 5.9.2

COMMON COMMANDS


2025-09-08T14:15:03.776271279Z [inf]    tsc
  Compiles the current project (tsconfig.json in the working directory.)

  tsc app.ts util.ts
  Ignoring tsconfig.json, compiles the specified files with default compiler options.

  tsc -b

2025-09-08T14:15:03.776326848Z [inf]    Build a composite project in the working directory.

  tsc --init
  Creates a tsconfig.json with the recommended settings in the working directory.

  tsc -p ./path/to/tsconfig.json
  Compiles the TypeScript project located at the specified path.


2025-09-08T14:15:03.776331344Z [inf]    tsc --help --all

2025-09-08T14:15:03.77634759Z [inf]    An expanded version of this information, showing all possible compiler options

  tsc --noEmit
  tsc --target esnext

2025-09-08T14:15:03.776355256Z [inf]    Compiles the current project, with additional settings.


2025-09-08T14:15:03.776634169Z [inf]  COMMAND LINE FLAGS

--help, -h
Print this message.

2025-09-08T14:15:03.776725537Z [inf]  
--watch, -w
Watch input files.

--all
Show all compiler options.
2025-09-08T14:15:03.776735246Z [inf]  


2025-09-08T14:15:03.776738995Z [inf]  --version, -v
Print the compiler's version.

2025-09-08T14:15:03.776759171Z [inf]  
--init
Initializes a TypeScript project and creates a tsconfig.json file.


2025-09-08T14:15:03.776767839Z [inf]  --project, -p
Compile the project given the path to its configuration file, or to a folder with a 'tsconfig.json'.

2025-09-08T14:15:03.776772955Z [inf]  
--showConfig

2025-09-08T14:15:03.776776792Z [inf]  Print the final configuration instead of building.


2025-09-08T14:15:03.776847249Z [inf]  --build, -b
Build one or more projects and their dependencies, if out of date

COMMON COMPILER OPTIONS

--pretty
Enable color and formatting in TypeScript's output to make compiler errors easier to read.
type: boolean
default: true


2025-09-08T14:15:03.776858905Z [inf]  --declaration, -d
Generate .d.ts files from TypeScript and JavaScript files in your project.
type: boolean
default: `false`, unless `composite` is set

--declarationMap
Create sourcemaps for d.ts files.
type: boolean

2025-09-08T14:15:03.77686222Z [inf]  default: false

2025-09-08T14:15:03.776946414Z [inf]  
--emitDeclarationOnly
Only output d.ts files and not JavaScript files.
type: boolean
default: false

--sourceMap
Create source map files for emitted JavaScript files.
type: boolean
default: false

--noEmit
Disable emitting files from a compilation.
type: boolean

2025-09-08T14:15:03.776953122Z [inf]  default: false

--target, -t
Set the JavaScript language version for emitted JavaScript and include compatible library declarations.
2025-09-08T14:15:03.776973267Z [inf]  
one of: es5, es6/es2015, es2016, es2017, es2018, es2019, es2020, es2021, es2022, es2023, es2024, esnext
default: es5
2025-09-08T14:15:03.776981686Z [inf]  

--module, -m
Specify what module code is generated.
one of: none, commonjs, amd, umd, system, es6/es2015, es2020, es2022, esnext, node16, node18, node20, nodenext, preserve
default: undefined

2025-09-08T14:15:03.776987879Z [inf]  
--lib
2025-09-08T14:15:03.777003106Z [inf]  
Specify a set of bundled library declaration files that describe the target runtime environment.

2025-09-08T14:15:03.777009194Z [inf]  one or more: es5, es6/es2015, es7/es2016, es2017, es2018, es2019, es2020, es2021, es2022, es2023, es2024, esnext, dom, dom.iterable, dom.asynciterable, webworker, webworker.importscripts, webworker.iterable, webworker.asynciterable, scripthost, es2015.core, es2015.collection, es2015.generator, es2015.iterable, es2015.promise, es2015.proxy, es2015.reflect, es2015.symbol, es2015.symbol.wellknown, es2016.array.include, es2016.intl, es2017.arraybuffer, es2017.date, es2017.object, es2017.sharedmemory, es2017.string, es2017.intl, es2017.typedarrays, es2018.asyncgenerator, es2018.asynciterable/esnext.asynciterable, es2018.intl, es2018.promise, es2018.regexp, es2019.array, es2019.object, es2019.string, es2019.symbol/esnext.symbol, es2019.intl, es2020.bigint/esnext.bigint, es2020.date, es2020.promise, es2020.sharedmemory, es2020.string, es2020.symbol.wellknown, es2020.intl, es2020.number, es2021.promise, es2021.string, es2021.weakref/esnext.weakref, es2021.intl, es2022.array, es2022.error, es2022.intl, es2022.object, es2022.string, es2022.regexp, es2023.array, es2023.collection, es2023.intl, es2024.arraybuffer, es2024.collection, es2024.object/esnext.object, es2024.promise, es2024.regexp/esnext.regexp, es2024.sharedmemory, es2024.string/esnext.string, esnext.array, esnext.collection, esnext.intl, esnext.disposable, esnext.promise, esnext.decorators, esnext.iterator, esnext.float16, esnext.error, esnext.sharedmemory, decorators, decorators.legacy
default: undefined


2025-09-08T14:15:03.777024224Z [inf]  --allowJs
Allow JavaScript files to be a part of your program. Use the 'checkJs' option to get errors from these files.
type: boolean
2025-09-08T14:15:03.777039907Z [inf]  
default: false


2025-09-08T14:15:03.77705997Z [inf]  --checkJs
Enable error reporting in type-checked JavaScript files.
type: boolean

2025-09-08T14:15:03.777063912Z [inf]  default: false


2025-09-08T14:15:03.777095186Z [inf]  --jsx
Specify what JSX code is generated.
one of: preserve, react, react-native, react-jsx, react-jsxdev
default: undefined

--outFile
Specify a file that bundles all outputs into one JavaScript file. If 'declaration' is true, also designates a file that bundles all .d.ts output.
2025-09-08T14:15:03.777099126Z [inf]  


2025-09-08T14:15:03.777112406Z [inf]  --outDir
Specify an output folder for all emitted files.

2025-09-08T14:15:03.77714157Z [inf]  
--removeComments
Disable emitting comments.
type: boolean
default: false

--strict
Enable all strict type-checking options.
2025-09-08T14:15:03.777144863Z [inf]  

2025-09-08T14:15:03.777164883Z [inf]  type: boolean
default: false

--types
Specify type package names to be included without being referenced in a source file.

2025-09-08T14:15:03.777183488Z [inf]  
--esModuleInterop
Emit additional JavaScript to ease support for importing CommonJS modules. This enables 'allowSyntheticDefaultImports' for type compatibility.

2025-09-08T14:15:03.777189162Z [inf]  type: boolean
default: false

2025-09-08T14:15:03.777197826Z [inf]  
You can learn about all of the compiler options at https://aka.ms/tsc


2025-09-08T14:15:03.822344749Z [inf]  npm error code 1

2025-09-08T14:15:03.822399764Z [inf]  npm error path /app

2025-09-08T14:15:03.822475973Z [inf]  npm error command failed

2025-09-08T14:15:03.822542189Z [inf]  npm error command sh -c npm run build:frontend

2025-09-08T14:15:03.825195815Z [inf]  npm notice
npm notice New major version of npm available! 10.8.2 -> 11.6.0
npm notice Changelog: https://github.com/npm/cli/releases/tag/v11.6.0
npm notice To update run: npm install -g npm@11.6.0
npm notice

2025-09-08T14:15:03.825405672Z [inf]  npm error A complete log of this run can be found in: /root/.npm/_logs/2025-09-08T14_14_57_195Z-debug-0.log

2025-09-08T14:15:04.141065385Z [err]  [ 5/14] RUN npm install
2025-09-08T14:15:04.157223127Z [err]  Dockerfile:12
2025-09-08T14:15:04.157268502Z [err]  -------------------
2025-09-08T14:15:04.157272948Z [err]  10 |
2025-09-08T14:15:04.157277529Z [err]  11 |     # Install all dependencies (including dev for build)
2025-09-08T14:15:04.157282949Z [err]  12 | >>> RUN npm install
2025-09-08T14:15:04.157287513Z [err]  13 |     RUN cd frontend && npm install
2025-09-08T14:15:04.157291421Z [err]  14 |
2025-09-08T14:15:04.157294995Z [err]  -------------------
2025-09-08T14:15:04.157299258Z [err]  ERROR: failed to build: failed to solve: process "/bin/sh -c npm install" did not complete successfully: exit code: 1